2025-10-21 17:26:39,324 - INFO - Diretório de destino: 'C:\Users\arist\Downloads'
2025-10-21 17:26:39,332 - INFO - Copiado '500_prompts_de_comando_para_chat_gpt_comandos_prontos_chat_gpt_cfcccda458764e5e99bc8b5ea3239762xlsxxlsx (1).xlsx' para 'C:\Users\arist\Downloads\xlsx'
2025-10-21 17:26:39,338 - INFO - Copiado '603164_296266833803334_1101498223_n.jpg' para 'C:\Users\arist\Downloads\jpg'
2025-10-21 17:26:39,346 - INFO - Copiado 'Análise Comparativa_ Aluguel de Carro para Motoristas de Aplicativo.pdf' para 'C:\Users\arist\Downloads\pdf'
2025-10-21 17:26:39,353 - INFO - Copiado 'Ariston Gomes CV.pdf' para 'C:\Users\arist\Downloads\pdf'
2025-10-21 17:26:39,363 - INFO - Copiado 'arquivos_secretos.zip' para 'C:\Users\arist\Downloads\zip'
2025-10-21 17:26:39,366 - INFO - Copiado 'Atividade Prática - Ferramentas e características de bancos de dados em nuvem.docx' para 'C:\Users\arist\Downloads\docx'
2025-10-21 17:26:39,366 - INFO - Ignorando diretório: 'Documento'
2025-10-21 17:26:39,512 - INFO - Copiado 'Duolingo v6.14.1 (Premium).apk' para 'C:\Users\arist\Downloads\apk'
2025-10-21 17:26:39,513 - INFO - Ignorando diretório: 'epub'
2025-10-21 17:26:39,521 - INFO - Copiado 'Gemini_Generated_Image_36ojdu36ojdu36oj.png' para 'C:\Users\arist\Downloads\png'
2025-10-21 17:26:39,526 - INFO - Copiado 'Gemini_Generated_Image_36ojdu36ojdu36oj1 (1).png' para 'C:\Users\arist\Downloads\png'
2025-10-21 17:26:39,532 - INFO - Copiado 'Gemini_Generated_Image_36ojdu36ojdu36oj1.png' para 'C:\Users\arist\Downloads\png'
2025-10-21 17:26:39,539 - INFO - Copiado 'Gemini_Generated_Image_rrymaprrymaprrym.png' para 'C:\Users\arist\Downloads\png'
2025-10-21 17:26:39,540 - INFO - Ignorando diretório: 'IR & NAN'
2025-10-21 17:26:39,545 - INFO - Copiado 'John_Frusciante_slanecastle.jpg' para 'C:\Users\arist\Downloads\jpg'
2025-10-21 17:26:39,550 - INFO - Copiado 'John_Frusciante_strat.jpg' para 'C:\Users\arist\Downloads\jpg'
2025-10-21 17:26:39,726 - INFO - Copiado 'Obsidian-1.9.12.exe' para 'C:\Users\arist\Downloads\exe'
2025-10-21 17:26:39,727 - INFO - Ignorando diretório: 'pdf'
2025-10-21 17:26:39,731 - INFO - Copiado 'plano_estudos_notion.md' para 'C:\Users\arist\Downloads\md'
2025-10-21 17:26:39,731 - INFO - Ignorando diretório: 'png'
2025-10-21 17:26:39,732 - INFO - Ignorando diretório: 'Telegram Desktop'
2025-10-21 17:26:39,732 - INFO - Ignorando diretório: 'txt'
2025-10-21 17:26:39,733 - INFO - Ignorando diretório: 'xlsx'
2025-10-21 17:26:39,733 - INFO - Ignorando diretório: 'zip'
2025-10-21 17:26:39,734 - INFO - ------------------------------
2025-10-21 17:26:39,734 - INFO - Organização Concluída!
2025-10-21 17:26:39,734 - INFO - Total de arquivos processados: 15
2025-10-21 17:26:39,735 - INFO - Arquivos por extensão:
2025-10-21 17:26:39,735 - INFO -   - xlsx: 1 arquivo(s)
2025-10-21 17:26:39,735 - INFO -   - jpg: 3 arquivo(s)
2025-10-21 17:26:39,736 - INFO -   - pdf: 2 arquivo(s)
2025-10-21 17:26:39,736 - INFO -   - zip: 1 arquivo(s)
2025-10-21 17:26:39,736 - INFO -   - docx: 1 arquivo(s)
2025-10-21 17:26:39,737 - INFO -   - apk: 1 arquivo(s)
2025-10-21 17:26:39,737 - INFO -   - png: 4 arquivo(s)
2025-10-21 17:26:39,737 - INFO -   - exe: 1 arquivo(s)
2025-10-21 17:26:39,738 - INFO -   - md: 1 arquivo(s)
2025-10-21 17:26:39,738 - INFO - ------------------------------
